# JRE version: OpenJDK Runtime Environment (8.0_212-b04) (build 1.8.0_212-release-1586-b04)
# Java VM: OpenJDK 64-Bit Server VM (25.212-b04 mixed mode windows-amd64 compressed oops)
Heap:
 PSYoungGen      total 139264K, used 73335K [0x00000000e0000000, 0x00000000e9c80000, 0x0000000100000000)
  eden space 126464K, 47% used [0x00000000e0000000,0x00000000e3b250f8,0x00000000e7b80000)
  from space 12800K, 99% used [0x00000000e9000000,0x00000000e9c78c38,0x00000000e9c80000)
  to   space 14336K, 0% used [0x00000000e8080000,0x00000000e8080000,0x00000000e8e80000)
 ParOldGen       total 61440K, used 18769K [0x00000000a0000000, 0x00000000a3c00000, 0x00000000e0000000)
  object space 61440K, 30% used [0x00000000a0000000,0x00000000a1254720,0x00000000a3c00000)
 Metaspace       used 50521K, capacity 52004K, committed 52136K, reserved 1093632K
  class space    used 6874K, capacity 7253K, committed 7336K, reserved 1048576K
GC Heap History (10 events):
Event: 2.949 GC heap before
{Heap before GC invocations=8 (full 1):
 PSYoungGen      total 75776K, used 65536K [0x00000000e0000000, 0x00000000e5700000, 0x0000000100000000)
  eden space 65536K, 100% used [0x00000000e0000000,0x00000000e4000000,0x00000000e4000000)
  from space 10240K, 0% used [0x00000000e4b00000,0x00000000e4b00000,0x00000000e5500000)
  to   space 11264K, 0% used [0x00000000e4000000,0x00000000e4000000,0x00000000e4b00000)
 ParOldGen       total 61440K, used 9491K [0x00000000a0000000, 0x00000000a3c00000, 0x00000000e0000000)
  object space 61440K, 15% used [0x00000000a0000000,0x00000000a0944f68,0x00000000a3c00000)
 Metaspace       used 28988K, capacity 29426K, committed 29696K, reserved 1075200K
  class space    used 3910K, capacity 4065K, committed 4096K, reserved 1048576K
Event: 2.956 GC heap after
Heap after GC invocations=8 (full 1):
 PSYoungGen      total 76800K, used 8048K [0x00000000e0000000, 0x00000000e7900000, 0x0000000100000000)
  eden space 65536K, 0% used [0x00000000e0000000,0x00000000e0000000,0x00000000e4000000)
  from space 11264K, 71% used [0x00000000e4000000,0x00000000e47dc208,0x00000000e4b00000)
  to   space 11264K, 0% used [0x00000000e6e00000,0x00000000e6e00000,0x00000000e7900000)
 ParOldGen       total 61440K, used 9499K [0x00000000a0000000, 0x00000000a3c00000, 0x00000000e0000000)
  object space 61440K, 15% used [0x00000000a0000000,0x00000000a0946f68,0x00000000a3c00000)
 Metaspace       used 28988K, capacity 29426K, committed 29696K, reserved 1075200K
  class space    used 3910K, capacity 4065K, committed 4096K, reserved 1048576K
}
Event: 3.337 GC heap before
{Heap before GC invocations=9 (full 1):
 PSYoungGen      total 76800K, used 73584K [0x00000000e0000000, 0x00000000e7900000, 0x0000000100000000)
  eden space 65536K, 100% used [0x00000000e0000000,0x00000000e4000000,0x00000000e4000000)
  from space 11264K, 71% used [0x00000000e4000000,0x00000000e47dc208,0x00000000e4b00000)
  to   space 11264K, 0% used [0x00000000e6e00000,0x00000000e6e00000,0x00000000e7900000)
 ParOldGen       total 61440K, used 9499K [0x00000000a0000000, 0x00000000a3c00000, 0x00000000e0000000)
  object space 61440K, 15% used [0x00000000a0000000,0x00000000a0946f68,0x00000000a3c00000)
 Metaspace       used 31906K, capacity 32464K, committed 32768K, reserved 1077248K
  class space    used 4381K, capacity 4587K, committed 4608K, reserved 1048576K
Event: 3.343 GC heap after
Heap after GC invocations=9 (full 1):
 PSYoungGen      total 112128K, used 8366K [0x00000000e0000000, 0x00000000e7a00000, 0x0000000100000000)
  eden space 100864K, 0% used [0x00000000e0000000,0x00000000e0000000,0x00000000e6280000)
  from space 11264K, 74% used [0x00000000e6e00000,0x00000000e762b810,0x00000000e7900000)
  to   space 11776K, 0% used [0x00000000e6280000,0x00000000e6280000,0x00000000e6e00000)
 ParOldGen       total 61440K, used 9507K [0x00000000a0000000, 0x00000000a3c00000, 0x00000000e0000000)
  object space 61440K, 15% used [0x00000000a0000000,0x00000000a0948f68,0x00000000a3c00000)
 Metaspace       used 31906K, capacity 32464K, committed 32768K, reserved 1077248K
  class space    used 4381K, capacity 4587K, committed 4608K, reserved 1048576K
}
Event: 3.786 GC heap before
{Heap before GC invocations=10 (full 1):
 PSYoungGen      total 112128K, used 73762K [0x00000000e0000000, 0x00000000e7a00000, 0x0000000100000000)
  eden space 100864K, 64% used [0x00000000e0000000,0x00000000e3fdd2c8,0x00000000e6280000)
  from space 11264K, 74% used [0x00000000e6e00000,0x00000000e762b810,0x00000000e7900000)
  to   space 11776K, 0% used [0x00000000e6280000,0x00000000e6280000,0x00000000e6e00000)
 ParOldGen       total 61440K, used 9507K [0x00000000a0000000, 0x00000000a3c00000, 0x00000000e0000000)
  object space 61440K, 15% used [0x00000000a0000000,0x00000000a0948f68,0x00000000a3c00000)
 Metaspace       used 34553K, capacity 35412K, committed 35496K, reserved 1079296K
  class space    used 4760K, capacity 5005K, committed 5032K, reserved 1048576K
Event: 3.794 GC heap after
Heap after GC invocations=10 (full 1):
 PSYoungGen      total 112640K, used 10897K [0x00000000e0000000, 0x00000000e9c80000, 0x0000000100000000)
  eden space 100864K, 0% used [0x00000000e0000000,0x00000000e0000000,0x00000000e6280000)
  from space 11776K, 92% used [0x00000000e6280000,0x00000000e6d24570,0x00000000e6e00000)
  to   space 12800K, 0% used [0x00000000e9000000,0x00000000e9000000,0x00000000e9c80000)
 ParOldGen       total 61440K, used 9515K [0x00000000a0000000, 0x00000000a3c00000, 0x00000000e0000000)
  object space 61440K, 15% used [0x00000000a0000000,0x00000000a094af68,0x00000000a3c00000)
 Metaspace       used 34553K, capacity 35412K, committed 35496K, reserved 1079296K
  class space    used 4760K, capacity 5005K, committed 5032K, reserved 1048576K
}
Event: 3.794 GC heap before
{Heap before GC invocations=11 (full 2):
 PSYoungGen      total 112640K, used 10897K [0x00000000e0000000, 0x00000000e9c80000, 0x0000000100000000)
  eden space 100864K, 0% used [0x00000000e0000000,0x00000000e0000000,0x00000000e6280000)
  from space 11776K, 92% used [0x00000000e6280000,0x00000000e6d24570,0x00000000e6e00000)
  to   space 12800K, 0% used [0x00000000e9000000,0x00000000e9000000,0x00000000e9c80000)
 ParOldGen       total 61440K, used 9515K [0x00000000a0000000, 0x00000000a3c00000, 0x00000000e0000000)
  object space 61440K, 15% used [0x00000000a0000000,0x00000000a094af68,0x00000000a3c00000)
 Metaspace       used 34553K, capacity 35412K, committed 35496K, reserved 1079296K
  class space    used 4760K, capacity 5005K, committed 5032K, reserved 1048576K
Event: 3.836 GC heap after
Heap after GC invocations=11 (full 2):
 PSYoungGen      total 112640K, used 0K [0x00000000e0000000, 0x00000000e9c80000, 0x0000000100000000)
  eden space 100864K, 0% used [0x00000000e0000000,0x00000000e0000000,0x00000000e6280000)
  from space 11776K, 0% used [0x00000000e6280000,0x00000000e6280000,0x00000000e6e00000)
  to   space 12800K, 0% used [0x00000000e9000000,0x00000000e9000000,0x00000000e9c80000)
 ParOldGen       total 61440K, used 17739K [0x00000000a0000000, 0x00000000a3c00000, 0x00000000e0000000)
  object space 61440K, 28% used [0x00000000a0000000,0x00000000a1152c48,0x00000000a3c00000)
 Metaspace       used 34521K, capacity 35304K, committed 35496K, reserved 1079296K
  class space    used 4750K, capacity 4987K, committed 5032K, reserved 1048576K
}
Event: 4.721 GC heap before
{Heap before GC invocations=12 (full 2):
 PSYoungGen      total 112640K, used 100864K [0x00000000e0000000, 0x00000000e9c80000, 0x0000000100000000)
  eden space 100864K, 100% used [0x00000000e0000000,0x00000000e6280000,0x00000000e6280000)
  from space 11776K, 0% used [0x00000000e6280000,0x00000000e6280000,0x00000000e6e00000)
  to   space 12800K, 0% used [0x00000000e9000000,0x00000000e9000000,0x00000000e9c80000)
 ParOldGen       total 61440K, used 17739K [0x00000000a0000000, 0x00000000a3c00000, 0x00000000e0000000)
  object space 61440K, 28% used [0x00000000a0000000,0x00000000a1152c48,0x00000000a3c00000)
 Metaspace       used 44652K, capacity 45686K, committed 45992K, reserved 1089536K
  class space    used 6019K, capacity 6283K, committed 6312K, reserved 1048576K
Event: 4.730 GC heap after
Heap after GC invocations=12 (full 2):
 PSYoungGen      total 139264K, used 12771K [0x00000000e0000000, 0x00000000e9c80000, 0x0000000100000000)
  eden space 126464K, 0% used [0x00000000e0000000,0x00000000e0000000,0x00000000e7b80000)
  from space 12800K, 99% used [0x00000000e9000000,0x00000000e9c78c38,0x00000000e9c80000)
  to   space 14336K, 0% used [0x00000000e8080000,0x00000000e8080000,0x00000000e8e80000)
 ParOldGen       total 61440K, used 18769K [0x00000000a0000000, 0x00000000a3c00000, 0x00000000e0000000)
  object space 61440K, 30% used [0x00000000a0000000,0x00000000a1254720,0x00000000a3c00000)
 Metaspace       used 44652K, capacity 45686K, committed 45992K, reserved 1089536K
  class space    used 6019K, capacity 6283K, committed 6312K, reserved 1048576K
}

