# JRE version: OpenJDK Runtime Environment (8.0_212-b04) (build 1.8.0_212-release-1586-b04)
# Java VM: OpenJDK 64-Bit Server VM (25.212-b04 mixed mode windows-amd64 compressed oops)
Heap:
 PSYoungGen      total 272896K, used 69308K [0x00000000e0000000, 0x00000000f4b00000, 0x0000000100000000)
  eden space 240640K, 24% used [0x00000000e0000000,0x00000000e3873480,0x00000000eeb00000)
  from space 32256K, 35% used [0x00000000eeb00000,0x00000000ef63bcc0,0x00000000f0a80000)
  to   space 29696K, 0% used [0x00000000f2e00000,0x00000000f2e00000,0x00000000f4b00000)
 ParOldGen       total 142336K, used 52704K [0x00000000a0000000, 0x00000000a8b00000, 0x00000000e0000000)
  object space 142336K, 37% used [0x00000000a0000000,0x00000000a33782f0,0x00000000a8b00000)
 Metaspace       used 80058K, capacity 84292K, committed 84568K, reserved 1122304K
  class space    used 10862K, capacity 11619K, committed 11648K, reserved 1048576K
GC Heap History (10 events):
Event: 13.615 GC heap before
{Heap before GC invocations=22 (full 3):
 PSYoungGen      total 269312K, used 267848K [0x00000000e0000000, 0x00000000f3700000, 0x0000000100000000)
  eden space 240640K, 100% used [0x00000000e0000000,0x00000000eeb00000,0x00000000eeb00000)
  from space 28672K, 94% used [0x00000000f0a80000,0x00000000f25122f8,0x00000000f2680000)
  to   space 32256K, 0% used [0x00000000eeb00000,0x00000000eeb00000,0x00000000f0a80000)
 ParOldGen       total 142336K, used 41053K [0x00000000a0000000, 0x00000000a8b00000, 0x00000000e0000000)
  object space 142336K, 28% used [0x00000000a0000000,0x00000000a28174c0,0x00000000a8b00000)
 Metaspace       used 78496K, capacity 82510K, committed 82776K, reserved 1120256K
  class space    used 10680K, capacity 11364K, committed 11392K, reserved 1048576K
Event: 13.635 GC heap after
Heap after GC invocations=22 (full 3):
 PSYoungGen      total 272896K, used 22358K [0x00000000e0000000, 0x00000000f3700000, 0x0000000100000000)
  eden space 240640K, 0% used [0x00000000e0000000,0x00000000e0000000,0x00000000eeb00000)
  from space 32256K, 69% used [0x00000000eeb00000,0x00000000f00d58c8,0x00000000f0a80000)
  to   space 28672K, 0% used [0x00000000f0a80000,0x00000000f0a80000,0x00000000f2680000)
 ParOldGen       total 142336K, used 44238K [0x00000000a0000000, 0x00000000a8b00000, 0x00000000e0000000)
  object space 142336K, 31% used [0x00000000a0000000,0x00000000a2b33b58,0x00000000a8b00000)
 Metaspace       used 78496K, capacity 82510K, committed 82776K, reserved 1120256K
  class space    used 10680K, capacity 11364K, committed 11392K, reserved 1048576K
}
Event: 14.006 GC heap before
{Heap before GC invocations=23 (full 3):
 PSYoungGen      total 272896K, used 262998K [0x00000000e0000000, 0x00000000f3700000, 0x0000000100000000)
  eden space 240640K, 100% used [0x00000000e0000000,0x00000000eeb00000,0x00000000eeb00000)
  from space 32256K, 69% used [0x00000000eeb00000,0x00000000f00d58c8,0x00000000f0a80000)
  to   space 28672K, 0% used [0x00000000f0a80000,0x00000000f0a80000,0x00000000f2680000)
 ParOldGen       total 142336K, used 44238K [0x00000000a0000000, 0x00000000a8b00000, 0x00000000e0000000)
  object space 142336K, 31% used [0x00000000a0000000,0x00000000a2b33b58,0x00000000a8b00000)
 Metaspace       used 79199K, capacity 83246K, committed 83416K, reserved 1122304K
  class space    used 10763K, capacity 11458K, committed 11520K, reserved 1048576K
Event: 14.019 GC heap after
Heap after GC invocations=23 (full 3):
 PSYoungGen      total 269312K, used 17851K [0x00000000e0000000, 0x00000000f3700000, 0x0000000100000000)
  eden space 240640K, 0% used [0x00000000e0000000,0x00000000e0000000,0x00000000eeb00000)
  from space 28672K, 62% used [0x00000000f0a80000,0x00000000f1beef10,0x00000000f2680000)
  to   space 32256K, 0% used [0x00000000eeb00000,0x00000000eeb00000,0x00000000f0a80000)
 ParOldGen       total 142336K, used 47625K [0x00000000a0000000, 0x00000000a8b00000, 0x00000000e0000000)
  object space 142336K, 33% used [0x00000000a0000000,0x00000000a2e82658,0x00000000a8b00000)
 Metaspace       used 79199K, capacity 83246K, committed 83416K, reserved 1122304K
  class space    used 10763K, capacity 11458K, committed 11520K, reserved 1048576K
}
Event: 14.430 GC heap before
{Heap before GC invocations=24 (full 3):
 PSYoungGen      total 269312K, used 258491K [0x00000000e0000000, 0x00000000f3700000, 0x0000000100000000)
  eden space 240640K, 100% used [0x00000000e0000000,0x00000000eeb00000,0x00000000eeb00000)
  from space 28672K, 62% used [0x00000000f0a80000,0x00000000f1beef10,0x00000000f2680000)
  to   space 32256K, 0% used [0x00000000eeb00000,0x00000000eeb00000,0x00000000f0a80000)
 ParOldGen       total 142336K, used 47625K [0x00000000a0000000, 0x00000000a8b00000, 0x00000000e0000000)
  object space 142336K, 33% used [0x00000000a0000000,0x00000000a2e82658,0x00000000a8b00000)
 Metaspace       used 79937K, capacity 84128K, committed 84312K, reserved 1122304K
  class space    used 10851K, capacity 11587K, committed 11648K, reserved 1048576K
Event: 14.442 GC heap after
Heap after GC invocations=24 (full 3):
 PSYoungGen      total 272896K, used 10284K [0x00000000e0000000, 0x00000000f3700000, 0x0000000100000000)
  eden space 240640K, 0% used [0x00000000e0000000,0x00000000e0000000,0x00000000eeb00000)
  from space 32256K, 31% used [0x00000000eeb00000,0x00000000ef50b328,0x00000000f0a80000)
  to   space 28672K, 0% used [0x00000000f0a80000,0x00000000f0a80000,0x00000000f2680000)
 ParOldGen       total 142336K, used 52408K [0x00000000a0000000, 0x00000000a8b00000, 0x00000000e0000000)
  object space 142336K, 36% used [0x00000000a0000000,0x00000000a332e2e0,0x00000000a8b00000)
 Metaspace       used 79937K, capacity 84128K, committed 84312K, reserved 1122304K
  class space    used 10851K, capacity 11587K, committed 11648K, reserved 1048576K
}
Event: 15.003 GC heap before
{Heap before GC invocations=25 (full 3):
 PSYoungGen      total 272896K, used 250924K [0x00000000e0000000, 0x00000000f3700000, 0x0000000100000000)
  eden space 240640K, 100% used [0x00000000e0000000,0x00000000eeb00000,0x00000000eeb00000)
  from space 32256K, 31% used [0x00000000eeb00000,0x00000000ef50b328,0x00000000f0a80000)
  to   space 28672K, 0% used [0x00000000f0a80000,0x00000000f0a80000,0x00000000f2680000)
 ParOldGen       total 142336K, used 52408K [0x00000000a0000000, 0x00000000a8b00000, 0x00000000e0000000)
  object space 142336K, 36% used [0x00000000a0000000,0x00000000a332e2e0,0x00000000a8b00000)
 Metaspace       used 80037K, capacity 84228K, committed 84312K, reserved 1122304K
  class space    used 10862K, capacity 11619K, committed 11648K, reserved 1048576K
Event: 15.012 GC heap after
Heap after GC invocations=25 (full 3):
 PSYoungGen      total 269312K, used 10420K [0x00000000e0000000, 0x00000000f3700000, 0x0000000100000000)
  eden space 240640K, 0% used [0x00000000e0000000,0x00000000e0000000,0x00000000eeb00000)
  from space 28672K, 36% used [0x00000000f0a80000,0x00000000f14ad268,0x00000000f2680000)
  to   space 32256K, 0% used [0x00000000eeb00000,0x00000000eeb00000,0x00000000f0a80000)
 ParOldGen       total 142336K, used 52704K [0x00000000a0000000, 0x00000000a8b00000, 0x00000000e0000000)
  object space 142336K, 37% used [0x00000000a0000000,0x00000000a33782f0,0x00000000a8b00000)
 Metaspace       used 80037K, capacity 84228K, committed 84312K, reserved 1122304K
  class space    used 10862K, capacity 11619K, committed 11648K, reserved 1048576K
}
Event: 15.465 GC heap before
{Heap before GC invocations=26 (full 3):
 PSYoungGen      total 269312K, used 251060K [0x00000000e0000000, 0x00000000f3700000, 0x0000000100000000)
  eden space 240640K, 100% used [0x00000000e0000000,0x00000000eeb00000,0x00000000eeb00000)
  from space 28672K, 36% used [0x00000000f0a80000,0x00000000f14ad268,0x00000000f2680000)
  to   space 32256K, 0% used [0x00000000eeb00000,0x00000000eeb00000,0x00000000f0a80000)
 ParOldGen       total 142336K, used 52704K [0x00000000a0000000, 0x00000000a8b00000, 0x00000000e0000000)
  object space 142336K, 37% used [0x00000000a0000000,0x00000000a33782f0,0x00000000a8b00000)
 Metaspace       used 80054K, capacity 84228K, committed 84312K, reserved 1122304K
  class space    used 10862K, capacity 11619K, committed 11648K, reserved 1048576K
Event: 15.472 GC heap after
Heap after GC invocations=26 (full 3):
 PSYoungGen      total 272896K, used 11503K [0x00000000e0000000, 0x00000000f4b00000, 0x0000000100000000)
  eden space 240640K, 0% used [0x00000000e0000000,0x00000000e0000000,0x00000000eeb00000)
  from space 32256K, 35% used [0x00000000eeb00000,0x00000000ef63bcc0,0x00000000f0a80000)
  to   space 29696K, 0% used [0x00000000f2e00000,0x00000000f2e00000,0x00000000f4b00000)
 ParOldGen       total 142336K, used 52704K [0x00000000a0000000, 0x00000000a8b00000, 0x00000000e0000000)
  object space 142336K, 37% used [0x00000000a0000000,0x00000000a33782f0,0x00000000a8b00000)
 Metaspace       used 80054K, capacity 84228K, committed 84312K, reserved 1122304K
  class space    used 10862K, capacity 11619K, committed 11648K, reserved 1048576K
}

