# JRE version: OpenJDK Runtime Environment (8.0_212-b04) (build 1.8.0_212-release-1586-b04)
# Java VM: OpenJDK 64-Bit Server VM (25.212-b04 mixed mode windows-amd64 compressed oops)
Heap:
 PSYoungGen      total 217600K, used 118083K [0x00000000e0000000, 0x00000000f0900000, 0x0000000100000000)
  eden space 181760K, 64% used [0x00000000e0000000,0x00000000e7350d70,0x00000000eb180000)
  from space 35840K, 0% used [0x00000000eb180000,0x00000000eb180000,0x00000000ed480000)
  to   space 34304K, 0% used [0x00000000ee780000,0x00000000ee780000,0x00000000f0900000)
 ParOldGen       total 137728K, used 55624K [0x00000000a0000000, 0x00000000a8680000, 0x00000000e0000000)
  object space 137728K, 40% used [0x00000000a0000000,0x00000000a36521c0,0x00000000a8680000)
 Metaspace       used 96784K, capacity 101084K, committed 101652K, reserved 1136640K
  class space    used 12620K, capacity 13448K, committed 13628K, reserved 1048576K
GC Heap History (10 events):
Event: 1798.316 GC heap before
{Heap before GC invocations=19 (full 3):
 PSYoungGen      total 223744K, used 216834K [0x00000000e0000000, 0x00000000f0d00000, 0x0000000100000000)
  eden space 200704K, 100% used [0x00000000e0000000,0x00000000ec400000,0x00000000ec400000)
  from space 23040K, 70% used [0x00000000ec400000,0x00000000ed3c0a88,0x00000000eda80000)
  to   space 24064K, 0% used [0x00000000ef580000,0x00000000ef580000,0x00000000f0d00000)
 ParOldGen       total 137728K, used 32356K [0x00000000a0000000, 0x00000000a8680000, 0x00000000e0000000)
  object space 137728K, 23% used [0x00000000a0000000,0x00000000a1f99218,0x00000000a8680000)
 Metaspace       used 78086K, capacity 80836K, committed 81172K, reserved 1120256K
  class space    used 10136K, capacity 10723K, committed 10812K, reserved 1048576K
Event: 1798.340 GC heap after
Heap after GC invocations=19 (full 3):
 PSYoungGen      total 211456K, used 17023K [0x00000000e0000000, 0x00000000f0680000, 0x0000000100000000)
  eden space 194048K, 0% used [0x00000000e0000000,0x00000000e0000000,0x00000000ebd80000)
  from space 17408K, 97% used [0x00000000ef580000,0x00000000f061fda8,0x00000000f0680000)
  to   space 25088K, 0% used [0x00000000ed580000,0x00000000ed580000,0x00000000eee00000)
 ParOldGen       total 137728K, used 32364K [0x00000000a0000000, 0x00000000a8680000, 0x00000000e0000000)
  object space 137728K, 23% used [0x00000000a0000000,0x00000000a1f9b218,0x00000000a8680000)
 Metaspace       used 78086K, capacity 80836K, committed 81172K, reserved 1120256K
  class space    used 10136K, capacity 10723K, committed 10812K, reserved 1048576K
}
Event: 1802.765 GC heap before
{Heap before GC invocations=20 (full 3):
 PSYoungGen      total 211456K, used 211071K [0x00000000e0000000, 0x00000000f0680000, 0x0000000100000000)
  eden space 194048K, 100% used [0x00000000e0000000,0x00000000ebd80000,0x00000000ebd80000)
  from space 17408K, 97% used [0x00000000ef580000,0x00000000f061fda8,0x00000000f0680000)
  to   space 25088K, 0% used [0x00000000ed580000,0x00000000ed580000,0x00000000eee00000)
 ParOldGen       total 137728K, used 32364K [0x00000000a0000000, 0x00000000a8680000, 0x00000000e0000000)
  object space 137728K, 23% used [0x00000000a0000000,0x00000000a1f9b218,0x00000000a8680000)
 Metaspace       used 86012K, capacity 89222K, committed 89364K, reserved 1126400K
  class space    used 11175K, capacity 11788K, committed 11836K, reserved 1048576K
Event: 1802.795 GC heap after
Heap after GC invocations=20 (full 3):
 PSYoungGen      total 212992K, used 25083K [0x00000000e0000000, 0x00000000ef600000, 0x0000000100000000)
  eden space 187904K, 0% used [0x00000000e0000000,0x00000000e0000000,0x00000000eb780000)
  from space 25088K, 99% used [0x00000000ed580000,0x00000000eedfed08,0x00000000eee00000)
  to   space 8192K, 0% used [0x00000000eee00000,0x00000000eee00000,0x00000000ef600000)
 ParOldGen       total 137728K, used 33476K [0x00000000a0000000, 0x00000000a8680000, 0x00000000e0000000)
  object space 137728K, 24% used [0x00000000a0000000,0x00000000a20b1310,0x00000000a8680000)
 Metaspace       used 86012K, capacity 89222K, committed 89364K, reserved 1126400K
  class space    used 11175K, capacity 11788K, committed 11836K, reserved 1048576K
}
Event: 1853.054 GC heap before
{Heap before GC invocations=21 (full 3):
 PSYoungGen      total 212992K, used 212987K [0x00000000e0000000, 0x00000000ef600000, 0x0000000100000000)
  eden space 187904K, 100% used [0x00000000e0000000,0x00000000eb780000,0x00000000eb780000)
  from space 25088K, 99% used [0x00000000ed580000,0x00000000eedfed08,0x00000000eee00000)
  to   space 8192K, 0% used [0x00000000eee00000,0x00000000eee00000,0x00000000ef600000)
 ParOldGen       total 137728K, used 33476K [0x00000000a0000000, 0x00000000a8680000, 0x00000000e0000000)
  object space 137728K, 24% used [0x00000000a0000000,0x00000000a20b1310,0x00000000a8680000)
 Metaspace       used 91415K, capacity 95766K, committed 96020K, reserved 1132544K
  class space    used 11935K, capacity 12791K, committed 12860K, reserved 1048576K
Event: 1853.079 GC heap after
Heap after GC invocations=21 (full 3):
 PSYoungGen      total 189952K, used 8176K [0x00000000e0000000, 0x00000000ef780000, 0x0000000100000000)
  eden space 181760K, 0% used [0x00000000e0000000,0x00000000e0000000,0x00000000eb180000)
  from space 8192K, 99% used [0x00000000eee00000,0x00000000ef5fc020,0x00000000ef600000)
  to   space 35840K, 0% used [0x00000000eb180000,0x00000000eb180000,0x00000000ed480000)
 ParOldGen       total 137728K, used 61199K [0x00000000a0000000, 0x00000000a8680000, 0x00000000e0000000)
  object space 137728K, 44% used [0x00000000a0000000,0x00000000a3bc3fd0,0x00000000a8680000)
 Metaspace       used 91415K, capacity 95766K, committed 96020K, reserved 1132544K
  class space    used 11935K, capacity 12791K, committed 12860K, reserved 1048576K
}
Event: 1853.417 GC heap before
{Heap before GC invocations=22 (full 3):
 PSYoungGen      total 189952K, used 41466K [0x00000000e0000000, 0x00000000ef780000, 0x0000000100000000)
  eden space 181760K, 18% used [0x00000000e0000000,0x00000000e2082ba8,0x00000000eb180000)
  from space 8192K, 99% used [0x00000000eee00000,0x00000000ef5fc020,0x00000000ef600000)
  to   space 35840K, 0% used [0x00000000eb180000,0x00000000eb180000,0x00000000ed480000)
 ParOldGen       total 137728K, used 61199K [0x00000000a0000000, 0x00000000a8680000, 0x00000000e0000000)
  object space 137728K, 44% used [0x00000000a0000000,0x00000000a3bc3fd0,0x00000000a8680000)
 Metaspace       used 93906K, capacity 98350K, committed 98380K, reserved 1134592K
  class space    used 12341K, capacity 13215K, committed 13244K, reserved 1048576K
Event: 1853.429 GC heap after
Heap after GC invocations=22 (full 3):
 PSYoungGen      total 217600K, used 12051K [0x00000000e0000000, 0x00000000f0900000, 0x0000000100000000)
  eden space 181760K, 0% used [0x00000000e0000000,0x00000000e0000000,0x00000000eb180000)
  from space 35840K, 33% used [0x00000000eb180000,0x00000000ebd44ce8,0x00000000ed480000)
  to   space 34304K, 0% used [0x00000000ee780000,0x00000000ee780000,0x00000000f0900000)
 ParOldGen       total 137728K, used 61519K [0x00000000a0000000, 0x00000000a8680000, 0x00000000e0000000)
  object space 137728K, 44% used [0x00000000a0000000,0x00000000a3c13e60,0x00000000a8680000)
 Metaspace       used 93906K, capacity 98350K, committed 98380K, reserved 1134592K
  class space    used 12341K, capacity 13215K, committed 13244K, reserved 1048576K
}
Event: 1853.429 GC heap before
{Heap before GC invocations=23 (full 4):
 PSYoungGen      total 217600K, used 12051K [0x00000000e0000000, 0x00000000f0900000, 0x0000000100000000)
  eden space 181760K, 0% used [0x00000000e0000000,0x00000000e0000000,0x00000000eb180000)
  from space 35840K, 33% used [0x00000000eb180000,0x00000000ebd44ce8,0x00000000ed480000)
  to   space 34304K, 0% used [0x00000000ee780000,0x00000000ee780000,0x00000000f0900000)
 ParOldGen       total 137728K, used 61519K [0x00000000a0000000, 0x00000000a8680000, 0x00000000e0000000)
  object space 137728K, 44% used [0x00000000a0000000,0x00000000a3c13e60,0x00000000a8680000)
 Metaspace       used 93906K, capacity 98350K, committed 98380K, reserved 1134592K
  class space    used 12341K, capacity 13215K, committed 13244K, reserved 1048576K
Event: 1853.731 GC heap after
Heap after GC invocations=23 (full 4):
 PSYoungGen      total 217600K, used 0K [0x00000000e0000000, 0x00000000f0900000, 0x0000000100000000)
  eden space 181760K, 0% used [0x00000000e0000000,0x00000000e0000000,0x00000000eb180000)
  from space 35840K, 0% used [0x00000000eb180000,0x00000000eb180000,0x00000000ed480000)
  to   space 34304K, 0% used [0x00000000ee780000,0x00000000ee780000,0x00000000f0900000)
 ParOldGen       total 137728K, used 55624K [0x00000000a0000000, 0x00000000a8680000, 0x00000000e0000000)
  object space 137728K, 40% used [0x00000000a0000000,0x00000000a36521c0,0x00000000a8680000)
 Metaspace       used 93058K, capacity 96514K, committed 98380K, reserved 1134592K
  class space    used 12133K, capacity 12849K, committed 13244K, reserved 1048576K
}

