# JRE version: OpenJDK Runtime Environment (8.0_212-b04) (build 1.8.0_212-release-1586-b04)
# Java VM: OpenJDK 64-Bit Server VM (25.212-b04 mixed mode windows-amd64 compressed oops)
Heap:
 PSYoungGen      total 144384K, used 56946K [0x00000000e0000000, 0x00000000e9f80000, 0x0000000100000000)
  eden space 131584K, 33% used [0x00000000e0000000,0x00000000e2b1f178,0x00000000e8080000)
  from space 12800K, 99% used [0x00000000e9300000,0x00000000e9f7d830,0x00000000e9f80000)
  to   space 14336K, 0% used [0x00000000e8380000,0x00000000e8380000,0x00000000e9180000)
 ParOldGen       total 59904K, used 19011K [0x00000000a0000000, 0x00000000a3a80000, 0x00000000e0000000)
  object space 59904K, 31% used [0x00000000a0000000,0x00000000a1290d28,0x00000000a3a80000)
 Metaspace       used 49309K, capacity 50648K, committed 50776K, reserved 1093632K
  class space    used 6647K, capacity 6981K, committed 7040K, reserved 1048576K
GC Heap History (10 events):
Event: 3.332 GC heap before
{Heap before GC invocations=8 (full 1):
 PSYoungGen      total 76800K, used 66048K [0x00000000e0000000, 0x00000000e5700000, 0x0000000100000000)
  eden space 66048K, 100% used [0x00000000e0000000,0x00000000e4080000,0x00000000e4080000)
  from space 10752K, 0% used [0x00000000e4b80000,0x00000000e4b80000,0x00000000e5600000)
  to   space 11264K, 0% used [0x00000000e4080000,0x00000000e4080000,0x00000000e4b80000)
 ParOldGen       total 59904K, used 9106K [0x00000000a0000000, 0x00000000a3a80000, 0x00000000e0000000)
  object space 59904K, 15% used [0x00000000a0000000,0x00000000a08e48f8,0x00000000a3a80000)
 Metaspace       used 28677K, capacity 29066K, committed 29440K, reserved 1075200K
  class space    used 3854K, capacity 4008K, committed 4096K, reserved 1048576K
Event: 3.338 GC heap after
Heap after GC invocations=8 (full 1):
 PSYoungGen      total 77312K, used 7844K [0x00000000e0000000, 0x00000000e7c00000, 0x0000000100000000)
  eden space 66048K, 0% used [0x00000000e0000000,0x00000000e0000000,0x00000000e4080000)
  from space 11264K, 69% used [0x00000000e4080000,0x00000000e48291d0,0x00000000e4b80000)
  to   space 11264K, 0% used [0x00000000e7100000,0x00000000e7100000,0x00000000e7c00000)
 ParOldGen       total 59904K, used 9114K [0x00000000a0000000, 0x00000000a3a80000, 0x00000000e0000000)
  object space 59904K, 15% used [0x00000000a0000000,0x00000000a08e68f8,0x00000000a3a80000)
 Metaspace       used 28677K, capacity 29066K, committed 29440K, reserved 1075200K
  class space    used 3854K, capacity 4008K, committed 4096K, reserved 1048576K
}
Event: 3.862 GC heap before
{Heap before GC invocations=9 (full 1):
 PSYoungGen      total 77312K, used 73892K [0x00000000e0000000, 0x00000000e7c00000, 0x0000000100000000)
  eden space 66048K, 100% used [0x00000000e0000000,0x00000000e4080000,0x00000000e4080000)
  from space 11264K, 69% used [0x00000000e4080000,0x00000000e48291d0,0x00000000e4b80000)
  to   space 11264K, 0% used [0x00000000e7100000,0x00000000e7100000,0x00000000e7c00000)
 ParOldGen       total 59904K, used 9114K [0x00000000a0000000, 0x00000000a3a80000, 0x00000000e0000000)
  object space 59904K, 15% used [0x00000000a0000000,0x00000000a08e68f8,0x00000000a3a80000)
 Metaspace       used 31561K, capacity 31970K, committed 32128K, reserved 1077248K
  class space    used 4327K, capacity 4464K, committed 4480K, reserved 1048576K
Event: 3.869 GC heap after
Heap after GC invocations=9 (full 1):
 PSYoungGen      total 114688K, used 7928K [0x00000000e0000000, 0x00000000e7b80000, 0x0000000100000000)
  eden space 103936K, 0% used [0x00000000e0000000,0x00000000e0000000,0x00000000e6580000)
  from space 10752K, 73% used [0x00000000e7100000,0x00000000e78be0d8,0x00000000e7b80000)
  to   space 11264K, 0% used [0x00000000e6580000,0x00000000e6580000,0x00000000e7080000)
 ParOldGen       total 59904K, used 9122K [0x00000000a0000000, 0x00000000a3a80000, 0x00000000e0000000)
  object space 59904K, 15% used [0x00000000a0000000,0x00000000a08e88f8,0x00000000a3a80000)
 Metaspace       used 31561K, capacity 31970K, committed 32128K, reserved 1077248K
  class space    used 4327K, capacity 4464K, committed 4480K, reserved 1048576K
}
Event: 5.222 GC heap before
{Heap before GC invocations=10 (full 1):
 PSYoungGen      total 114688K, used 79641K [0x00000000e0000000, 0x00000000e7b80000, 0x0000000100000000)
  eden space 103936K, 68% used [0x00000000e0000000,0x00000000e46083a0,0x00000000e6580000)
  from space 10752K, 73% used [0x00000000e7100000,0x00000000e78be0d8,0x00000000e7b80000)
  to   space 11264K, 0% used [0x00000000e6580000,0x00000000e6580000,0x00000000e7080000)
 ParOldGen       total 59904K, used 9122K [0x00000000a0000000, 0x00000000a3a80000, 0x00000000e0000000)
  object space 59904K, 15% used [0x00000000a0000000,0x00000000a08e88f8,0x00000000a3a80000)
 Metaspace       used 34555K, capacity 35386K, committed 35416K, reserved 1079296K
  class space    used 4764K, capacity 4965K, committed 4992K, reserved 1048576K
Event: 5.231 GC heap after
Heap after GC invocations=10 (full 1):
 PSYoungGen      total 115200K, used 11260K [0x00000000e0000000, 0x00000000e9f80000, 0x0000000100000000)
  eden space 103936K, 0% used [0x00000000e0000000,0x00000000e0000000,0x00000000e6580000)
  from space 11264K, 99% used [0x00000000e6580000,0x00000000e707f288,0x00000000e7080000)
  to   space 12800K, 0% used [0x00000000e9300000,0x00000000e9300000,0x00000000e9f80000)
 ParOldGen       total 59904K, used 9435K [0x00000000a0000000, 0x00000000a3a80000, 0x00000000e0000000)
  object space 59904K, 15% used [0x00000000a0000000,0x00000000a0936c10,0x00000000a3a80000)
 Metaspace       used 34555K, capacity 35386K, committed 35416K, reserved 1079296K
  class space    used 4764K, capacity 4965K, committed 4992K, reserved 1048576K
}
Event: 5.231 GC heap before
{Heap before GC invocations=11 (full 2):
 PSYoungGen      total 115200K, used 11260K [0x00000000e0000000, 0x00000000e9f80000, 0x0000000100000000)
  eden space 103936K, 0% used [0x00000000e0000000,0x00000000e0000000,0x00000000e6580000)
  from space 11264K, 99% used [0x00000000e6580000,0x00000000e707f288,0x00000000e7080000)
  to   space 12800K, 0% used [0x00000000e9300000,0x00000000e9300000,0x00000000e9f80000)
 ParOldGen       total 59904K, used 9435K [0x00000000a0000000, 0x00000000a3a80000, 0x00000000e0000000)
  object space 59904K, 15% used [0x00000000a0000000,0x00000000a0936c10,0x00000000a3a80000)
 Metaspace       used 34555K, capacity 35386K, committed 35416K, reserved 1079296K
  class space    used 4764K, capacity 4965K, committed 4992K, reserved 1048576K
Event: 5.274 GC heap after
Heap after GC invocations=11 (full 2):
 PSYoungGen      total 115200K, used 0K [0x00000000e0000000, 0x00000000e9f80000, 0x0000000100000000)
  eden space 103936K, 0% used [0x00000000e0000000,0x00000000e0000000,0x00000000e6580000)
  from space 11264K, 0% used [0x00000000e6580000,0x00000000e6580000,0x00000000e7080000)
  to   space 12800K, 0% used [0x00000000e9300000,0x00000000e9300000,0x00000000e9f80000)
 ParOldGen       total 59904K, used 18378K [0x00000000a0000000, 0x00000000a3a80000, 0x00000000e0000000)
  object space 59904K, 30% used [0x00000000a0000000,0x00000000a11f2a38,0x00000000a3a80000)
 Metaspace       used 34528K, capacity 35296K, committed 35416K, reserved 1079296K
  class space    used 4756K, capacity 4950K, committed 4992K, reserved 1048576K
}
Event: 7.185 GC heap before
{Heap before GC invocations=12 (full 2):
 PSYoungGen      total 115200K, used 103936K [0x00000000e0000000, 0x00000000e9f80000, 0x0000000100000000)
  eden space 103936K, 100% used [0x00000000e0000000,0x00000000e6580000,0x00000000e6580000)
  from space 11264K, 0% used [0x00000000e6580000,0x00000000e6580000,0x00000000e7080000)
  to   space 12800K, 0% used [0x00000000e9300000,0x00000000e9300000,0x00000000e9f80000)
 ParOldGen       total 59904K, used 18378K [0x00000000a0000000, 0x00000000a3a80000, 0x00000000e0000000)
  object space 59904K, 30% used [0x00000000a0000000,0x00000000a11f2a38,0x00000000a3a80000)
 Metaspace       used 45079K, capacity 46078K, committed 46296K, reserved 1089536K
  class space    used 6049K, capacity 6325K, committed 6400K, reserved 1048576K
Event: 7.196 GC heap after
Heap after GC invocations=12 (full 2):
 PSYoungGen      total 144384K, used 12790K [0x00000000e0000000, 0x00000000e9f80000, 0x0000000100000000)
  eden space 131584K, 0% used [0x00000000e0000000,0x00000000e0000000,0x00000000e8080000)
  from space 12800K, 99% used [0x00000000e9300000,0x00000000e9f7d830,0x00000000e9f80000)
  to   space 14336K, 0% used [0x00000000e8380000,0x00000000e8380000,0x00000000e9180000)
 ParOldGen       total 59904K, used 19011K [0x00000000a0000000, 0x00000000a3a80000, 0x00000000e0000000)
  object space 59904K, 31% used [0x00000000a0000000,0x00000000a1290d28,0x00000000a3a80000)
 Metaspace       used 45079K, capacity 46078K, committed 46296K, reserved 1089536K
  class space    used 6049K, capacity 6325K, committed 6400K, reserved 1048576K
}

