# JRE version: OpenJDK Runtime Environment (8.0_212-b04) (build 1.8.0_212-release-1586-b04)
# Java VM: OpenJDK 64-Bit Server VM (25.212-b04 mixed mode windows-amd64 compressed oops)
Heap:
 PSYoungGen      total 141312K, used 76731K [0x00000000e0000000, 0x00000000ea080000, 0x0000000100000000)
  eden space 128512K, 49% used [0x00000000e0000000,0x00000000e3e70750,0x00000000e7d80000)
  from space 12800K, 99% used [0x00000000e9400000,0x00000000ea07e5c8,0x00000000ea080000)
  to   space 14848K, 0% used [0x00000000e8380000,0x00000000e8380000,0x00000000e9200000)
 ParOldGen       total 61952K, used 19500K [0x00000000a0000000, 0x00000000a3c80000, 0x00000000e0000000)
  object space 61952K, 31% used [0x00000000a0000000,0x00000000a130b228,0x00000000a3c80000)
 Metaspace       used 51070K, capacity 52562K, committed 52736K, reserved 1095680K
  class space    used 6963K, capacity 7340K, committed 7424K, reserved 1048576K
GC Heap History (10 events):
Event: 2.983 GC heap before
{Heap before GC invocations=8 (full 1):
 PSYoungGen      total 76800K, used 66048K [0x00000000e0000000, 0x00000000e5700000, 0x0000000100000000)
  eden space 66048K, 100% used [0x00000000e0000000,0x00000000e4080000,0x00000000e4080000)
  from space 10752K, 0% used [0x00000000e4b80000,0x00000000e4b80000,0x00000000e5600000)
  to   space 11264K, 0% used [0x00000000e4080000,0x00000000e4080000,0x00000000e4b80000)
 ParOldGen       total 61952K, used 9617K [0x00000000a0000000, 0x00000000a3c80000, 0x00000000e0000000)
  object space 61952K, 15% used [0x00000000a0000000,0x00000000a09646c0,0x00000000a3c80000)
 Metaspace       used 29013K, capacity 29556K, committed 29952K, reserved 1075200K
  class space    used 3909K, capacity 4067K, committed 4096K, reserved 1048576K
Event: 2.990 GC heap after
Heap after GC invocations=8 (full 1):
 PSYoungGen      total 77312K, used 8180K [0x00000000e0000000, 0x00000000e7b80000, 0x0000000100000000)
  eden space 66048K, 0% used [0x00000000e0000000,0x00000000e0000000,0x00000000e4080000)
  from space 11264K, 72% used [0x00000000e4080000,0x00000000e487d0e0,0x00000000e4b80000)
  to   space 11776K, 0% used [0x00000000e7000000,0x00000000e7000000,0x00000000e7b80000)
 ParOldGen       total 61952K, used 9625K [0x00000000a0000000, 0x00000000a3c80000, 0x00000000e0000000)
  object space 61952K, 15% used [0x00000000a0000000,0x00000000a09666c0,0x00000000a3c80000)
 Metaspace       used 29013K, capacity 29556K, committed 29952K, reserved 1075200K
  class space    used 3909K, capacity 4067K, committed 4096K, reserved 1048576K
}
Event: 3.373 GC heap before
{Heap before GC invocations=9 (full 1):
 PSYoungGen      total 77312K, used 74228K [0x00000000e0000000, 0x00000000e7b80000, 0x0000000100000000)
  eden space 66048K, 100% used [0x00000000e0000000,0x00000000e4080000,0x00000000e4080000)
  from space 11264K, 72% used [0x00000000e4080000,0x00000000e487d0e0,0x00000000e4b80000)
  to   space 11776K, 0% used [0x00000000e7000000,0x00000000e7000000,0x00000000e7b80000)
 ParOldGen       total 61952K, used 9625K [0x00000000a0000000, 0x00000000a3c80000, 0x00000000e0000000)
  object space 61952K, 15% used [0x00000000a0000000,0x00000000a09666c0,0x00000000a3c80000)
 Metaspace       used 32038K, capacity 32524K, committed 32768K, reserved 1077248K
  class space    used 4396K, capacity 4587K, committed 4608K, reserved 1048576K
Event: 3.380 GC heap after
Heap after GC invocations=9 (full 1):
 PSYoungGen      total 114688K, used 8451K [0x00000000e0000000, 0x00000000e7c80000, 0x0000000100000000)
  eden space 102912K, 0% used [0x00000000e0000000,0x00000000e0000000,0x00000000e6480000)
  from space 11776K, 71% used [0x00000000e7000000,0x00000000e7840d08,0x00000000e7b80000)
  to   space 11776K, 0% used [0x00000000e6480000,0x00000000e6480000,0x00000000e7000000)
 ParOldGen       total 61952K, used 9633K [0x00000000a0000000, 0x00000000a3c80000, 0x00000000e0000000)
  object space 61952K, 15% used [0x00000000a0000000,0x00000000a09686c0,0x00000000a3c80000)
 Metaspace       used 32038K, capacity 32524K, committed 32768K, reserved 1077248K
  class space    used 4396K, capacity 4587K, committed 4608K, reserved 1048576K
}
Event: 3.878 GC heap before
{Heap before GC invocations=10 (full 1):
 PSYoungGen      total 114688K, used 69978K [0x00000000e0000000, 0x00000000e7c80000, 0x0000000100000000)
  eden space 102912K, 59% used [0x00000000e0000000,0x00000000e3c15c18,0x00000000e6480000)
  from space 11776K, 71% used [0x00000000e7000000,0x00000000e7840d08,0x00000000e7b80000)
  to   space 11776K, 0% used [0x00000000e6480000,0x00000000e6480000,0x00000000e7000000)
 ParOldGen       total 61952K, used 9633K [0x00000000a0000000, 0x00000000a3c80000, 0x00000000e0000000)
  object space 61952K, 15% used [0x00000000a0000000,0x00000000a09686c0,0x00000000a3c80000)
 Metaspace       used 34555K, capacity 35422K, committed 35456K, reserved 1079296K
  class space    used 4751K, capacity 4970K, committed 4992K, reserved 1048576K
Event: 3.886 GC heap after
Heap after GC invocations=10 (full 1):
 PSYoungGen      total 114688K, used 10744K [0x00000000e0000000, 0x00000000ea080000, 0x0000000100000000)
  eden space 102912K, 0% used [0x00000000e0000000,0x00000000e0000000,0x00000000e6480000)
  from space 11776K, 91% used [0x00000000e6480000,0x00000000e6efe0a0,0x00000000e7000000)
  to   space 12800K, 0% used [0x00000000e9400000,0x00000000e9400000,0x00000000ea080000)
 ParOldGen       total 61952K, used 9641K [0x00000000a0000000, 0x00000000a3c80000, 0x00000000e0000000)
  object space 61952K, 15% used [0x00000000a0000000,0x00000000a096a6c0,0x00000000a3c80000)
 Metaspace       used 34555K, capacity 35422K, committed 35456K, reserved 1079296K
  class space    used 4751K, capacity 4970K, committed 4992K, reserved 1048576K
}
Event: 3.886 GC heap before
{Heap before GC invocations=11 (full 2):
 PSYoungGen      total 114688K, used 10744K [0x00000000e0000000, 0x00000000ea080000, 0x0000000100000000)
  eden space 102912K, 0% used [0x00000000e0000000,0x00000000e0000000,0x00000000e6480000)
  from space 11776K, 91% used [0x00000000e6480000,0x00000000e6efe0a0,0x00000000e7000000)
  to   space 12800K, 0% used [0x00000000e9400000,0x00000000e9400000,0x00000000ea080000)
 ParOldGen       total 61952K, used 9641K [0x00000000a0000000, 0x00000000a3c80000, 0x00000000e0000000)
  object space 61952K, 15% used [0x00000000a0000000,0x00000000a096a6c0,0x00000000a3c80000)
 Metaspace       used 34555K, capacity 35422K, committed 35456K, reserved 1079296K
  class space    used 4751K, capacity 4970K, committed 4992K, reserved 1048576K
Event: 3.934 GC heap after
Heap after GC invocations=11 (full 2):
 PSYoungGen      total 114688K, used 0K [0x00000000e0000000, 0x00000000ea080000, 0x0000000100000000)
  eden space 102912K, 0% used [0x00000000e0000000,0x00000000e0000000,0x00000000e6480000)
  from space 11776K, 0% used [0x00000000e6480000,0x00000000e6480000,0x00000000e7000000)
  to   space 12800K, 0% used [0x00000000e9400000,0x00000000e9400000,0x00000000ea080000)
 ParOldGen       total 61952K, used 17635K [0x00000000a0000000, 0x00000000a3c80000, 0x00000000e0000000)
  object space 61952K, 28% used [0x00000000a0000000,0x00000000a1138ed8,0x00000000a3c80000)
 Metaspace       used 34528K, capacity 35332K, committed 35456K, reserved 1079296K
  class space    used 4743K, capacity 4955K, committed 4992K, reserved 1048576K
}
Event: 4.899 GC heap before
{Heap before GC invocations=12 (full 2):
 PSYoungGen      total 114688K, used 102912K [0x00000000e0000000, 0x00000000ea080000, 0x0000000100000000)
  eden space 102912K, 100% used [0x00000000e0000000,0x00000000e6480000,0x00000000e6480000)
  from space 11776K, 0% used [0x00000000e6480000,0x00000000e6480000,0x00000000e7000000)
  to   space 12800K, 0% used [0x00000000e9400000,0x00000000e9400000,0x00000000ea080000)
 ParOldGen       total 61952K, used 17635K [0x00000000a0000000, 0x00000000a3c80000, 0x00000000e0000000)
  object space 61952K, 28% used [0x00000000a0000000,0x00000000a1138ed8,0x00000000a3c80000)
 Metaspace       used 44845K, capacity 45842K, committed 46080K, reserved 1089536K
  class space    used 6029K, capacity 6315K, committed 6400K, reserved 1048576K
Event: 4.910 GC heap after
Heap after GC invocations=12 (full 2):
 PSYoungGen      total 141312K, used 12793K [0x00000000e0000000, 0x00000000ea080000, 0x0000000100000000)
  eden space 128512K, 0% used [0x00000000e0000000,0x00000000e0000000,0x00000000e7d80000)
  from space 12800K, 99% used [0x00000000e9400000,0x00000000ea07e5c8,0x00000000ea080000)
  to   space 14848K, 0% used [0x00000000e8380000,0x00000000e8380000,0x00000000e9200000)
 ParOldGen       total 61952K, used 19500K [0x00000000a0000000, 0x00000000a3c80000, 0x00000000e0000000)
  object space 61952K, 31% used [0x00000000a0000000,0x00000000a130b228,0x00000000a3c80000)
 Metaspace       used 44845K, capacity 45842K, committed 46080K, reserved 1089536K
  class space    used 6029K, capacity 6315K, committed 6400K, reserved 1048576K
}

